<?xml version="1.0" encoding="UTF-8"?>
<testng-results skipped="0" failed="0" ignored="0" total="2" passed="2">
  <reporter-output>
  </reporter-output>
  <suite name="Final-Score App running on Chrome Browser" duration-ms="44886" started-at="2017-12-23T15:15:28Z" finished-at="2017-12-23T15:16:13Z">
    <groups>
    </groups>
    <test name="Home Page" duration-ms="44886" started-at="2017-12-23T15:15:28Z" finished-at="2017-12-23T15:16:13Z">
      <class name="SignInTest">
        <test-method status="PASS" signature="setUp(boolean, java.lang.String, java.lang.String, java.lang.String, java.lang.String, java.lang.String, java.lang.String)[pri:0, instance:SignInTest@7a187f14]" name="setUp" is-config="true" duration-ms="14700" started-at="2017-12-23T09:15:28Z" finished-at="2017-12-23T09:15:43Z">
          <params>
            <param index="0">
              <value>
                <![CDATA[true]]>
              </value>
            </param>
            <param index="1">
              <value>
                <![CDATA[iamarfad3]]>
              </value>
            </param>
            <param index="2">
              <value>
                <![CDATA[39e9c692-c586-4dc5-8ef3-7d5399e8df4e]]>
              </value>
            </param>
            <param index="3">
              <value>
                <![CDATA[https://www.final-score.com]]>
              </value>
            </param>
            <param index="4">
              <value>
                <![CDATA[mac]]>
              </value>
            </param>
            <param index="5">
              <value>
                <![CDATA[chrome]]>
              </value>
            </param>
            <param index="6">
              <value>
                <![CDATA[63.0]]>
              </value>
            </param>
          </params>
          <reporter-output>
          </reporter-output>
        </test-method> <!-- setUp -->
        <test-method status="PASS" signature="testSignIn()[pri:0, instance:SignInTest@7a187f14]" name="testSignIn" duration-ms="16707" started-at="2017-12-23T09:15:43Z" finished-at="2017-12-23T09:16:00Z">
          <reporter-output>
          </reporter-output>
        </test-method> <!-- testSignIn -->
        <test-method status="PASS" signature="cleanUp()[pri:0, instance:SignInTest@7a187f14]" name="cleanUp" is-config="true" duration-ms="213" started-at="2017-12-23T09:16:00Z" finished-at="2017-12-23T09:16:00Z">
          <reporter-output>
          </reporter-output>
        </test-method> <!-- cleanUp -->
        <test-method status="PASS" signature="setUp(boolean, java.lang.String, java.lang.String, java.lang.String, java.lang.String, java.lang.String, java.lang.String)[pri:0, instance:SignInTest@7a187f14]" name="setUp" is-config="true" duration-ms="7824" started-at="2017-12-23T09:16:00Z" finished-at="2017-12-23T09:16:08Z">
          <params>
            <param index="0">
              <value>
                <![CDATA[true]]>
              </value>
            </param>
            <param index="1">
              <value>
                <![CDATA[iamarfad3]]>
              </value>
            </param>
            <param index="2">
              <value>
                <![CDATA[39e9c692-c586-4dc5-8ef3-7d5399e8df4e]]>
              </value>
            </param>
            <param index="3">
              <value>
                <![CDATA[https://www.final-score.com]]>
              </value>
            </param>
            <param index="4">
              <value>
                <![CDATA[mac]]>
              </value>
            </param>
            <param index="5">
              <value>
                <![CDATA[chrome]]>
              </value>
            </param>
            <param index="6">
              <value>
                <![CDATA[63.0]]>
              </value>
            </param>
          </params>
          <reporter-output>
          </reporter-output>
        </test-method> <!-- setUp -->
        <test-method status="PASS" signature="testSignInAfterProductSearch()[pri:0, instance:SignInTest@7a187f14]" name="testSignInAfterProductSearch" duration-ms="4802" started-at="2017-12-23T09:16:08Z" finished-at="2017-12-23T09:16:12Z">
          <reporter-output>
          </reporter-output>
        </test-method> <!-- testSignInAfterProductSearch -->
        <test-method status="PASS" signature="cleanUp()[pri:0, instance:SignInTest@7a187f14]" name="cleanUp" is-config="true" duration-ms="619" started-at="2017-12-23T09:16:12Z" finished-at="2017-12-23T09:16:13Z">
          <reporter-output>
          </reporter-output>
        </test-method> <!-- cleanUp -->
      </class> <!-- SignInTest -->
    </test> <!-- Home Page -->
  </suite> <!-- Final-Score App running on Chrome Browser -->
</testng-results>
